<?xml version="1.0" encoding="UTF-8"?>
<testng-results ignored="0" total="1" passed="1" failed="0" skipped="0">
  <reporter-output>
  </reporter-output>
  <suite started-at="2023-12-02T20:20:06 IST" name="Suite" finished-at="2023-12-02T20:20:16 IST" duration-ms="9520">
    <groups>
    </groups>
    <test started-at="2023-12-02T20:20:06 IST" name="Test" finished-at="2023-12-02T20:20:16 IST" duration-ms="9520">
      <class name="steps.HotelBooking">
        <test-method is-config="true" signature="setUp(java.lang.String)[pri:0, instance:steps.HotelBooking@5b239d7d]" started-at="2023-12-02T20:20:06 IST" name="setUp" finished-at="2023-12-02T20:20:14 IST" duration-ms="7705" status="PASS">
          <params>
            <param index="0">
              <value>
                <![CDATA[Chrome]]>
              </value>
            </param>
          </params>
          <reporter-output>
          </reporter-output>
        </test-method> <!-- setUp -->
        <test-method signature="TC_01_Login()[pri:1, instance:steps.HotelBooking@5b239d7d]" started-at="2023-12-02T20:20:14 IST" name="TC_01_Login" finished-at="2023-12-02T20:20:16 IST" duration-ms="1731" status="PASS">
          <reporter-output>
          </reporter-output>
        </test-method> <!-- TC_01_Login -->
      </class> <!-- steps.HotelBooking -->
    </test> <!-- Test -->
  </suite> <!-- Suite -->
</testng-results>
